2025-06-21 00:32:19,001 - __main__ - INFO - Running with Ngrok tunnel
2025-06-21 00:32:19,001 - __main__ - INFO - Setting up Ngrok tunnel...
2025-06-21 00:32:19,151 - __main__ - INFO - Starting Ngrok tunnel on port 5000
2025-06-21 00:32:22,003 - __main__ - INFO - Starting TradingView to MT5 Bridge...
2025-06-21 00:32:22,003 - __main__ - INFO - 
MT5 Configuration:
- Account: 271395506
- Server: Exness-MT5Trial14
- Path: C:\Program Files\MetaTrader 5 EXNESS EURUSD\terminal64.exe
- Symbol Suffix: 

Trading Parameters:
- Default Volume: 0.01
- Default Stop Loss: 100
- Default Take Profit: 200

Server Configuration:
- Host: 0.0.0.0
- Port: 5000
- Debug: True

Email Alert Configuration:
- Sender: mybotalerts2@gmail.com
- Receiver: nuttakit342536@gmail.com
- SMTP Server: smtp.gmail.com:587

2025-06-21 00:32:22,003 - __main__ - INFO - Initializing MT5 connection...
2025-06-21 00:32:24,019 - app.mt5_handler - INFO - Successfully connected to MT5
2025-06-21 00:32:24,020 - __main__ - INFO - MT5 connection successful!
2025-06-21 00:32:24,020 - __main__ - INFO - Starting Flask server on 0.0.0.0:5000
2025-06-21 00:32:24,041 - werkzeug - INFO - [31m[1mWARNING: This is a development server. Do not use it in a production deployment. Use a production WSGI server instead.[0m
 * Running on all addresses (0.0.0.0)
 * Running on http://127.0.0.1:5000
 * Running on http://192.168.1.166:5000
2025-06-21 00:32:24,041 - werkzeug - INFO - [33mPress CTRL+C to quit[0m
2025-06-21 00:32:24,042 - werkzeug - INFO -  * Restarting with stat
2025-06-21 00:32:24,332 - __main__ - INFO - Running with Ngrok tunnel
2025-06-21 00:32:24,332 - __main__ - INFO - Setting up Ngrok tunnel...
2025-06-21 00:32:24,485 - __main__ - INFO - Starting Ngrok tunnel on port 5000
2025-06-21 00:32:26,214 - __main__ - INFO - Ngrok tunnel active!
2025-06-21 00:32:26,215 - __main__ - INFO - Webhook URL: https://fea4-2001-fb1-cf-3ed3-3c98-680-c4cd-c77d.ngrok-free.app/trade
2025-06-21 00:32:26,215 - __main__ - INFO - Webhook URL saved to: webhook_url.txt
2025-06-21 00:32:27,334 - __main__ - INFO - Starting TradingView to MT5 Bridge...
2025-06-21 00:32:27,334 - __main__ - INFO - 
MT5 Configuration:
- Account: 271395506
- Server: Exness-MT5Trial14
- Path: C:\Program Files\MetaTrader 5 EXNESS EURUSD\terminal64.exe
- Symbol Suffix: 

Trading Parameters:
- Default Volume: 0.01
- Default Stop Loss: 100
- Default Take Profit: 200

Server Configuration:
- Host: 0.0.0.0
- Port: 5000
- Debug: True

Email Alert Configuration:
- Sender: mybotalerts2@gmail.com
- Receiver: nuttakit342536@gmail.com
- SMTP Server: smtp.gmail.com:587

2025-06-21 00:32:27,334 - __main__ - INFO - Initializing MT5 connection...
2025-06-21 00:32:27,337 - app.mt5_handler - INFO - Successfully connected to MT5
2025-06-21 00:32:27,337 - __main__ - INFO - MT5 connection successful!
2025-06-21 00:32:27,337 - __main__ - INFO - Starting Flask server on 0.0.0.0:5000
2025-06-21 00:32:27,348 - werkzeug - WARNING -  * Debugger is active!
2025-06-21 00:32:27,350 - werkzeug - INFO -  * Debugger PIN: 395-351-843
2025-06-21 00:32:31,546 - __main__ - INFO - Ngrok tunnel active!
2025-06-21 00:32:31,547 - __main__ - INFO - Webhook URL: https://fea4-2001-fb1-cf-3ed3-3c98-680-c4cd-c77d.ngrok-free.app/trade
2025-06-21 00:32:31,547 - __main__ - INFO - Webhook URL saved to: webhook_url.txt
2025-06-21 00:41:16,786 - app.server - INFO - Received webhook: {'symbol': 'BTCUSD', 'action': 'buy', 'volume': '2'}
2025-06-21 00:41:16,989 - app.mt5_handler - INFO - Order executed successfully: BUY 2.0 BTCUSD at 102403.45
2025-06-21 00:41:16,989 - app.server - INFO - Order successfully processed: {'action': 'buy', 'symbol': 'BTCUSD', 'volume': 2.0, 'price': 102403.45, 'ticket': 1038526675, 'success': True}
2025-06-21 00:41:16,990 - werkzeug - INFO - 127.0.0.1 - - [21/Jun/2025 00:41:16] "POST /trade HTTP/1.1" 200 -
2025-06-21 00:46:57,343 - app.server - INFO - Received webhook: {'symbol': 'EURUSD', 'action': 'sell', 'volume': '2'}
2025-06-21 00:46:57,344 - app.mt5_handler - ERROR - Order failed: Unsupported filling mode
2025-06-21 00:46:57,344 - app.server - INFO - Order successfully processed: {'action': 'sell', 'symbol': 'EURUSD', 'volume': 2.0, 'success': False, 'error': 'Unsupported filling mode'}
2025-06-21 00:46:57,344 - werkzeug - INFO - 127.0.0.1 - - [21/Jun/2025 00:46:57] "POST /trade HTTP/1.1" 200 -
2025-06-21 00:47:05,696 - app.server - INFO - Received webhook: {'symbol': 'EURUSD', 'action': 'buy', 'volume': '2'}
2025-06-21 00:47:05,696 - app.mt5_handler - ERROR - Order failed: Unsupported filling mode
2025-06-21 00:47:05,696 - app.server - INFO - Order successfully processed: {'action': 'buy', 'symbol': 'EURUSD', 'volume': 2.0, 'success': False, 'error': 'Unsupported filling mode'}
2025-06-21 00:47:05,696 - werkzeug - INFO - 127.0.0.1 - - [21/Jun/2025 00:47:05] "POST /trade HTTP/1.1" 200 -
2025-06-21 00:47:41,912 - __main__ - INFO - Running with Ngrok tunnel
2025-06-21 00:47:41,912 - __main__ - INFO - Setting up Ngrok tunnel...
2025-06-21 00:47:42,063 - __main__ - INFO - Starting Ngrok tunnel on port 5000
2025-06-21 00:47:44,913 - __main__ - INFO - Starting TradingView to MT5 Bridge...
2025-06-21 00:47:44,913 - __main__ - INFO - 
MT5 Configuration:
- Account: 271395506
- Server: Exness-MT5Trial14
- Path: C:\Program Files\MetaTrader 5 EXNESS EURUSD\terminal64.exe
- Symbol Suffix: EURUSD

Trading Parameters:
- Default Volume: 0.01
- Default Stop Loss: 100
- Default Take Profit: 200

Server Configuration:
- Host: 0.0.0.0
- Port: 5000
- Debug: True

Email Alert Configuration:
- Sender: mybotalerts2@gmail.com
- Receiver: nuttakit342536@gmail.com
- SMTP Server: smtp.gmail.com:587

2025-06-21 00:47:44,914 - __main__ - INFO - Initializing MT5 connection...
2025-06-21 00:47:44,915 - app.mt5_handler - INFO - Successfully connected to MT5
2025-06-21 00:47:44,915 - __main__ - INFO - MT5 connection successful!
2025-06-21 00:47:44,916 - __main__ - INFO - Starting Flask server on 0.0.0.0:5000
2025-06-21 00:47:44,936 - werkzeug - INFO - [31m[1mWARNING: This is a development server. Do not use it in a production deployment. Use a production WSGI server instead.[0m
 * Running on all addresses (0.0.0.0)
 * Running on http://127.0.0.1:5000
 * Running on http://192.168.1.166:5000
2025-06-21 00:47:44,936 - werkzeug - INFO - [33mPress CTRL+C to quit[0m
2025-06-21 00:47:44,937 - werkzeug - INFO -  * Restarting with stat
2025-06-21 00:47:45,202 - __main__ - INFO - Running with Ngrok tunnel
2025-06-21 00:47:45,203 - __main__ - INFO - Setting up Ngrok tunnel...
2025-06-21 00:47:45,350 - __main__ - INFO - Starting Ngrok tunnel on port 5000
2025-06-21 00:47:48,204 - __main__ - INFO - Starting TradingView to MT5 Bridge...
2025-06-21 00:47:48,204 - __main__ - INFO - 
MT5 Configuration:
- Account: 271395506
- Server: Exness-MT5Trial14
- Path: C:\Program Files\MetaTrader 5 EXNESS EURUSD\terminal64.exe
- Symbol Suffix: EURUSD

Trading Parameters:
- Default Volume: 0.01
- Default Stop Loss: 100
- Default Take Profit: 200

Server Configuration:
- Host: 0.0.0.0
- Port: 5000
- Debug: True

Email Alert Configuration:
- Sender: mybotalerts2@gmail.com
- Receiver: nuttakit342536@gmail.com
- SMTP Server: smtp.gmail.com:587

2025-06-21 00:47:48,204 - __main__ - INFO - Initializing MT5 connection...
2025-06-21 00:47:48,206 - app.mt5_handler - INFO - Successfully connected to MT5
2025-06-21 00:47:48,206 - __main__ - INFO - MT5 connection successful!
2025-06-21 00:47:48,206 - __main__ - INFO - Starting Flask server on 0.0.0.0:5000
2025-06-21 00:47:48,222 - werkzeug - WARNING -  * Debugger is active!
2025-06-21 00:47:48,224 - werkzeug - INFO -  * Debugger PIN: 395-351-843
2025-06-21 00:47:49,120 - __main__ - INFO - Ngrok tunnel active!
2025-06-21 00:47:49,120 - __main__ - INFO - Webhook URL: https://58a0-2001-fb1-cf-3ed3-3c98-680-c4cd-c77d.ngrok-free.app/trade
2025-06-21 00:47:49,120 - __main__ - INFO - Webhook URL saved to: webhook_url.txt
2025-06-21 00:47:52,403 - __main__ - INFO - Ngrok tunnel active!
2025-06-21 00:47:52,403 - __main__ - INFO - Webhook URL: https://58a0-2001-fb1-cf-3ed3-3c98-680-c4cd-c77d.ngrok-free.app/trade
2025-06-21 00:47:52,404 - __main__ - INFO - Webhook URL saved to: webhook_url.txt
2025-06-21 00:48:04,926 - app.server - INFO - Received webhook: {'symbol': 'EURUSD', 'action': 'buy', 'volume': '2'}
2025-06-21 00:48:04,926 - app.mt5_handler - ERROR - Symbol EURUSDEURUSD not found
2025-06-21 00:48:04,927 - app.server - ERROR - Error processing webhook: Order failed. MT5Handler returned a negative result.
2025-06-21 00:48:08,315 - app.server - INFO - Successfully sent error alert email.
2025-06-21 00:48:08,316 - werkzeug - INFO - 127.0.0.1 - - [21/Jun/2025 00:48:08] "[35m[1mPOST /trade HTTP/1.1[0m" 500 -
2025-06-21 00:48:28,501 - app.server - INFO - Received webhook: {'symbol': 'eurusd', 'action': 'buy', 'volume': '2'}
2025-06-21 00:48:28,502 - app.mt5_handler - ERROR - Symbol eurusdEURUSD not found
2025-06-21 00:48:28,502 - app.server - ERROR - Error processing webhook: Order failed. MT5Handler returned a negative result.
2025-06-21 00:48:31,079 - app.server - INFO - Successfully sent error alert email.
2025-06-21 00:48:31,079 - werkzeug - INFO - 127.0.0.1 - - [21/Jun/2025 00:48:31] "[35m[1mPOST /trade HTTP/1.1[0m" 500 -
2025-06-21 00:49:01,692 - __main__ - INFO - Running with Ngrok tunnel
2025-06-21 00:49:01,692 - __main__ - INFO - Setting up Ngrok tunnel...
2025-06-21 00:49:01,841 - __main__ - INFO - Starting Ngrok tunnel on port 5000
2025-06-21 00:49:04,694 - __main__ - INFO - Starting TradingView to MT5 Bridge...
2025-06-21 00:49:04,694 - __main__ - INFO - 
MT5 Configuration:
- Account: 271395506
- Server: Exness-MT5Trial14
- Path: C:\Program Files\MetaTrader 5 EXNESS EURUSD\terminal64.exe
- Symbol Suffix: 

Trading Parameters:
- Default Volume: 0.01
- Default Stop Loss: 100
- Default Take Profit: 200

Server Configuration:
- Host: 0.0.0.0
- Port: 5000
- Debug: True

Email Alert Configuration:
- Sender: mybotalerts2@gmail.com
- Receiver: nuttakit342536@gmail.com
- SMTP Server: smtp.gmail.com:587

2025-06-21 00:49:04,694 - __main__ - INFO - Initializing MT5 connection...
2025-06-21 00:49:04,696 - app.mt5_handler - INFO - Successfully connected to MT5
2025-06-21 00:49:04,696 - __main__ - INFO - MT5 connection successful!
2025-06-21 00:49:04,696 - __main__ - INFO - Starting Flask server on 0.0.0.0:5000
2025-06-21 00:49:04,713 - werkzeug - INFO - [31m[1mWARNING: This is a development server. Do not use it in a production deployment. Use a production WSGI server instead.[0m
 * Running on all addresses (0.0.0.0)
 * Running on http://127.0.0.1:5000
 * Running on http://192.168.1.166:5000
2025-06-21 00:49:04,713 - werkzeug - INFO - [33mPress CTRL+C to quit[0m
2025-06-21 00:49:04,714 - werkzeug - INFO -  * Restarting with stat
2025-06-21 00:49:04,979 - __main__ - INFO - Running with Ngrok tunnel
2025-06-21 00:49:04,979 - __main__ - INFO - Setting up Ngrok tunnel...
2025-06-21 00:49:05,130 - __main__ - INFO - Starting Ngrok tunnel on port 5000
2025-06-21 00:49:07,981 - __main__ - INFO - Starting TradingView to MT5 Bridge...
2025-06-21 00:49:07,982 - __main__ - INFO - 
MT5 Configuration:
- Account: 271395506
- Server: Exness-MT5Trial14
- Path: C:\Program Files\MetaTrader 5 EXNESS EURUSD\terminal64.exe
- Symbol Suffix: 

Trading Parameters:
- Default Volume: 0.01
- Default Stop Loss: 100
- Default Take Profit: 200

Server Configuration:
- Host: 0.0.0.0
- Port: 5000
- Debug: True

Email Alert Configuration:
- Sender: mybotalerts2@gmail.com
- Receiver: nuttakit342536@gmail.com
- SMTP Server: smtp.gmail.com:587

2025-06-21 00:49:07,982 - __main__ - INFO - Initializing MT5 connection...
2025-06-21 00:49:07,984 - app.mt5_handler - INFO - Successfully connected to MT5
2025-06-21 00:49:07,984 - __main__ - INFO - MT5 connection successful!
2025-06-21 00:49:07,984 - __main__ - INFO - Starting Flask server on 0.0.0.0:5000
2025-06-21 00:49:07,994 - werkzeug - WARNING -  * Debugger is active!
2025-06-21 00:49:07,995 - werkzeug - INFO -  * Debugger PIN: 395-351-843
2025-06-21 00:49:08,900 - __main__ - INFO - Ngrok tunnel active!
2025-06-21 00:49:08,900 - __main__ - INFO - Webhook URL: https://d51d-2001-fb1-cf-3ed3-3c98-680-c4cd-c77d.ngrok-free.app/trade
2025-06-21 00:49:08,901 - __main__ - INFO - Webhook URL saved to: webhook_url.txt
2025-06-21 00:49:12,184 - __main__ - INFO - Ngrok tunnel active!
2025-06-21 00:49:12,184 - __main__ - INFO - Webhook URL: https://d51d-2001-fb1-cf-3ed3-3c98-680-c4cd-c77d.ngrok-free.app/trade
2025-06-21 00:49:12,184 - __main__ - INFO - Webhook URL saved to: webhook_url.txt
2025-06-21 00:51:31,133 - app.server - INFO - Received webhook: {'symbol': 'eurusd', 'action': 'sell', 'volume': '2'}
2025-06-21 00:51:31,133 - app.mt5_handler - ERROR - Symbol eurusd not found
2025-06-21 00:51:31,133 - app.server - ERROR - Error processing webhook: Order failed. MT5Handler returned a negative result.
2025-06-21 00:51:33,739 - app.server - INFO - Successfully sent error alert email.
2025-06-21 00:51:33,739 - werkzeug - INFO - 127.0.0.1 - - [21/Jun/2025 00:51:33] "[35m[1mPOST /trade HTTP/1.1[0m" 500 -
2025-06-21 00:57:18,467 - app.server - INFO - Received webhook: {'symbol': 'eurusd', 'action': 'buy', 'volume': '2'}
2025-06-21 00:57:18,467 - app.mt5_handler - ERROR - Symbol eurusd not found
2025-06-21 00:57:18,468 - app.server - ERROR - Error processing webhook: Order failed. MT5Handler returned a negative result.
2025-06-21 00:57:21,087 - app.server - INFO - Successfully sent error alert email.
2025-06-21 00:57:21,087 - werkzeug - INFO - 127.0.0.1 - - [21/Jun/2025 00:57:21] "[35m[1mPOST /trade HTTP/1.1[0m" 500 -
2025-06-21 00:57:32,597 - app.server - INFO - Received webhook: {'symbol': 'XAUUSD', 'action': 'buy', 'volume': '2'}
2025-06-21 00:57:32,597 - app.mt5_handler - ERROR - Order failed: Unsupported filling mode
2025-06-21 00:57:32,597 - app.server - INFO - Order successfully processed: {'action': 'buy', 'symbol': 'XAUUSD', 'volume': 2.0, 'success': False, 'error': 'Unsupported filling mode'}
2025-06-21 00:57:32,598 - werkzeug - INFO - 127.0.0.1 - - [21/Jun/2025 00:57:32] "POST /trade HTTP/1.1" 200 -
2025-06-21 01:01:21,817 - app.server - INFO - Received webhook: {'symbol': 'BTCUSD', 'action': 'sell', 'volume': '2'}
2025-06-21 01:01:22,005 - app.mt5_handler - INFO - Order executed successfully: SELL 2.0 BTCUSD at 103047.78
2025-06-21 01:01:22,005 - app.server - INFO - Order successfully processed: {'action': 'sell', 'symbol': 'BTCUSD', 'volume': 2.0, 'price': 103047.78, 'ticket': 1038603003, 'success': True}
2025-06-21 01:01:22,005 - werkzeug - INFO - 127.0.0.1 - - [21/Jun/2025 01:01:22] "POST /trade HTTP/1.1" 200 -
2025-06-21 01:05:18,888 - app.server - INFO - Received webhook: {'symbol': 'EURUSD', 'action': 'sell', 'volume': '2'}
2025-06-21 01:05:18,888 - app.mt5_handler - ERROR - Order failed: Unsupported filling mode
2025-06-21 01:05:18,889 - app.server - INFO - Order successfully processed: {'action': 'sell', 'symbol': 'EURUSD', 'volume': 2.0, 'success': False, 'error': 'Unsupported filling mode'}
2025-06-21 01:05:18,889 - werkzeug - INFO - 127.0.0.1 - - [21/Jun/2025 01:05:18] "POST /trade HTTP/1.1" 200 -
2025-06-21 01:07:03,022 - app.server - INFO - Received webhook: {'symbol': 'EURUSD', 'action': 'buy', 'volume': '2'}
2025-06-21 01:07:03,022 - app.mt5_handler - ERROR - Order failed: Unsupported filling mode
2025-06-21 01:07:03,022 - app.server - INFO - Order successfully processed: {'action': 'buy', 'symbol': 'EURUSD', 'volume': 2.0, 'success': False, 'error': 'Unsupported filling mode'}
2025-06-21 01:07:03,022 - werkzeug - INFO - 127.0.0.1 - - [21/Jun/2025 01:07:03] "POST /trade HTTP/1.1" 200 -
2025-06-21 01:09:15,278 - app.server - INFO - Received webhook: {'symbol': 'EURUSD', 'action': 'sell', 'volume': '2'}
2025-06-21 01:09:15,279 - app.mt5_handler - ERROR - Order failed: Unsupported filling mode
2025-06-21 01:09:15,279 - app.server - INFO - Order successfully processed: {'action': 'sell', 'symbol': 'EURUSD', 'volume': 2.0, 'success': False, 'error': 'Unsupported filling mode'}
2025-06-21 01:09:15,279 - werkzeug - INFO - 127.0.0.1 - - [21/Jun/2025 01:09:15] "POST /trade HTTP/1.1" 200 -
2025-06-21 08:55:36,643 - __main__ - INFO - Running with Ngrok tunnel
2025-06-21 08:55:36,643 - __main__ - INFO - Setting up Ngrok tunnel...
2025-06-21 08:55:36,798 - __main__ - INFO - Starting Ngrok tunnel on port 5000
2025-06-21 08:55:39,645 - __main__ - INFO - Starting TradingView to MT5 Bridge...
2025-06-21 08:55:39,645 - __main__ - INFO - 
MT5 Configuration:
- Account: 271395506
- Server: Exness-MT5Trial14
- Path: C:\Program Files\MetaTrader 5 EXNESS EURUSD\terminal64.exe
- Symbol Suffix: 

Trading Parameters:
- Default Volume: 0.01
- Default Stop Loss: 100
- Default Take Profit: 200

Server Configuration:
- Host: 0.0.0.0
- Port: 5000
- Debug: True

Email Alert Configuration:
- Sender: mybotalerts2@gmail.com
- Receiver: nuttakit342536@gmail.com
- SMTP Server: smtp.gmail.com:587

2025-06-21 08:55:39,645 - __main__ - INFO - Initializing MT5 connection...
2025-06-21 08:55:41,644 - app.mt5_handler - INFO - Successfully connected to MT5
2025-06-21 08:55:41,644 - __main__ - INFO - MT5 connection successful!
2025-06-21 08:55:41,644 - __main__ - INFO - Starting Flask server on 0.0.0.0:5000
2025-06-21 08:55:41,663 - werkzeug - INFO - [31m[1mWARNING: This is a development server. Do not use it in a production deployment. Use a production WSGI server instead.[0m
 * Running on all addresses (0.0.0.0)
 * Running on http://127.0.0.1:5000
 * Running on http://192.168.1.166:5000
2025-06-21 08:55:41,663 - werkzeug - INFO - [33mPress CTRL+C to quit[0m
2025-06-21 08:55:41,664 - werkzeug - INFO -  * Restarting with stat
2025-06-21 08:55:41,974 - __main__ - INFO - Running with Ngrok tunnel
2025-06-21 08:55:41,974 - __main__ - INFO - Setting up Ngrok tunnel...
2025-06-21 08:55:42,133 - __main__ - INFO - Starting Ngrok tunnel on port 5000
2025-06-21 08:55:43,851 - __main__ - INFO - Ngrok tunnel active!
2025-06-21 08:55:43,852 - __main__ - INFO - Webhook URL: https://b70b-2001-fb1-cf-3ed3-4d22-a3ae-9512-6333.ngrok-free.app/trade
2025-06-21 08:55:43,852 - __main__ - INFO - Webhook URL saved to: webhook_url.txt
2025-06-21 08:55:44,976 - __main__ - INFO - Starting TradingView to MT5 Bridge...
2025-06-21 08:55:44,979 - __main__ - INFO - 
MT5 Configuration:
- Account: 271395506
- Server: Exness-MT5Trial14
- Path: C:\Program Files\MetaTrader 5 EXNESS EURUSD\terminal64.exe
- Symbol Suffix: 

Trading Parameters:
- Default Volume: 0.01
- Default Stop Loss: 100
- Default Take Profit: 200

Server Configuration:
- Host: 0.0.0.0
- Port: 5000
- Debug: True

Email Alert Configuration:
- Sender: mybotalerts2@gmail.com
- Receiver: nuttakit342536@gmail.com
- SMTP Server: smtp.gmail.com:587

2025-06-21 08:55:44,980 - __main__ - INFO - Initializing MT5 connection...
2025-06-21 08:55:44,984 - app.mt5_handler - INFO - Successfully connected to MT5
2025-06-21 08:55:44,984 - __main__ - INFO - MT5 connection successful!
2025-06-21 08:55:44,985 - __main__ - INFO - Starting Flask server on 0.0.0.0:5000
2025-06-21 08:55:44,998 - werkzeug - WARNING -  * Debugger is active!
2025-06-21 08:55:44,999 - werkzeug - INFO -  * Debugger PIN: 115-333-340
2025-06-21 08:55:49,194 - __main__ - INFO - Ngrok tunnel active!
2025-06-21 08:55:49,194 - __main__ - INFO - Webhook URL: https://b70b-2001-fb1-cf-3ed3-4d22-a3ae-9512-6333.ngrok-free.app/trade
2025-06-21 08:55:49,194 - __main__ - INFO - Webhook URL saved to: webhook_url.txt
2025-06-21 09:02:56,189 - app.server - INFO - Received webhook: {'symbol': 'BTCUSD', 'action': 'sell', 'volume': '2'}
2025-06-21 09:02:56,397 - app.mt5_handler - INFO - Order executed successfully: SELL 2.0 BTCUSD at 103385.65
2025-06-21 09:02:56,398 - app.server - INFO - Order successfully processed: {'action': 'sell', 'symbol': 'BTCUSD', 'volume': 2.0, 'price': 103385.65, 'ticket': 1039103305, 'success': True}
2025-06-21 09:02:56,398 - werkzeug - INFO - 127.0.0.1 - - [21/Jun/2025 09:02:56] "POST /trade HTTP/1.1" 200 -
2025-06-23 20:19:55,572 - __main__ - INFO - Running with Ngrok tunnel
2025-06-23 20:19:55,572 - __main__ - INFO - Setting up Ngrok tunnel...
2025-06-23 20:19:55,813 - __main__ - INFO - Starting Ngrok tunnel on port 5000
2025-06-23 20:19:58,574 - __main__ - INFO - Starting TradingView to MT5 Bridge...
2025-06-23 20:19:58,574 - __main__ - INFO - 
MT5 Configuration:
- Account: 271395506
- Server: Exness-MT5Trial14
- Path: C:\Program Files\MetaTrader 5 EXNESS EURUSD\terminal64.exe
- Symbol Suffix: 

Trading Parameters:
- Default Volume: 0.01
- Default Stop Loss: 100
- Default Take Profit: 200

Server Configuration:
- Host: 0.0.0.0
- Port: 5000
- Debug: True

Email Alert Configuration:
- Sender: mybotalerts2@gmail.com
- Receiver: nuttakit342536@gmail.com
- SMTP Server: smtp.gmail.com:587

2025-06-23 20:19:58,574 - __main__ - INFO - Initializing MT5 connection...
2025-06-23 20:20:00,703 - app.mt5_handler - INFO - Successfully connected to MT5
2025-06-23 20:20:00,703 - __main__ - INFO - MT5 connection successful!
2025-06-23 20:20:00,703 - __main__ - INFO - Starting Flask server on 0.0.0.0:5000
2025-06-23 20:20:00,742 - werkzeug - INFO - [31m[1mWARNING: This is a development server. Do not use it in a production deployment. Use a production WSGI server instead.[0m
 * Running on all addresses (0.0.0.0)
 * Running on http://127.0.0.1:5000
 * Running on http://192.168.1.166:5000
2025-06-23 20:20:00,742 - werkzeug - INFO - [33mPress CTRL+C to quit[0m
2025-06-23 20:20:00,744 - werkzeug - INFO -  * Restarting with stat
2025-06-23 20:20:01,025 - __main__ - INFO - Running with Ngrok tunnel
2025-06-23 20:20:01,025 - __main__ - INFO - Setting up Ngrok tunnel...
2025-06-23 20:20:01,190 - __main__ - INFO - Starting Ngrok tunnel on port 5000
2025-06-23 20:20:02,839 - __main__ - INFO - Ngrok tunnel active!
2025-06-23 20:20:02,839 - __main__ - INFO - Webhook URL: https://d4b3-2001-fb1-cc-4694-dc4f-4457-5a63-88bb.ngrok-free.app/trade
2025-06-23 20:20:02,839 - __main__ - INFO - Webhook URL saved to: webhook_url.txt
2025-06-23 20:20:04,027 - __main__ - INFO - Starting TradingView to MT5 Bridge...
2025-06-23 20:20:04,027 - __main__ - INFO - 
MT5 Configuration:
- Account: 271395506
- Server: Exness-MT5Trial14
- Path: C:\Program Files\MetaTrader 5 EXNESS EURUSD\terminal64.exe
- Symbol Suffix: 

Trading Parameters:
- Default Volume: 0.01
- Default Stop Loss: 100
- Default Take Profit: 200

Server Configuration:
- Host: 0.0.0.0
- Port: 5000
- Debug: True

Email Alert Configuration:
- Sender: mybotalerts2@gmail.com
- Receiver: nuttakit342536@gmail.com
- SMTP Server: smtp.gmail.com:587

2025-06-23 20:20:04,027 - __main__ - INFO - Initializing MT5 connection...
2025-06-23 20:20:04,028 - app.mt5_handler - INFO - Successfully connected to MT5
2025-06-23 20:20:04,028 - __main__ - INFO - MT5 connection successful!
2025-06-23 20:20:04,028 - __main__ - INFO - Starting Flask server on 0.0.0.0:5000
2025-06-23 20:20:04,039 - werkzeug - WARNING -  * Debugger is active!
2025-06-23 20:20:04,041 - werkzeug - INFO -  * Debugger PIN: 115-333-340
2025-06-23 20:20:08,247 - __main__ - INFO - Ngrok tunnel active!
2025-06-23 20:20:08,247 - __main__ - INFO - Webhook URL: https://d4b3-2001-fb1-cc-4694-dc4f-4457-5a63-88bb.ngrok-free.app/trade
2025-06-23 20:20:08,247 - __main__ - INFO - Webhook URL saved to: webhook_url.txt
2025-06-23 20:20:38,641 - app.server - INFO - Received webhook: {'symbol': 'EURUSD', 'action': 'buy', 'volume': '2'}
2025-06-23 20:20:38,779 - app.mt5_handler - INFO - Order executed successfully: BUY 2.0 EURUSD at 1.14696
2025-06-23 20:20:38,780 - app.server - INFO - Order successfully processed: {'action': 'buy', 'symbol': 'EURUSD', 'volume': 2.0, 'price': 1.14696, 'ticket': 1048339699, 'success': True}
2025-06-23 20:20:38,780 - werkzeug - INFO - 127.0.0.1 - - [23/Jun/2025 20:20:38] "POST /trade HTTP/1.1" 200 -
2025-06-23 20:21:09,151 - app.server - INFO - Received webhook: {'symbol': 'XAUUSD', 'action': 'buy', 'volume': '2'}
2025-06-23 20:21:09,309 - app.mt5_handler - INFO - Order executed successfully: BUY 2.0 XAUUSD at 3368.023
2025-06-23 20:21:09,310 - app.server - INFO - Order successfully processed: {'action': 'buy', 'symbol': 'XAUUSD', 'volume': 2.0, 'price': 3368.023, 'ticket': 1048342245, 'success': True}
2025-06-23 20:21:09,310 - werkzeug - INFO - 127.0.0.1 - - [23/Jun/2025 20:21:09] "POST /trade HTTP/1.1" 200 -
2025-06-23 20:21:21,489 - app.server - INFO - Received webhook: {'symbol': 'EURUSD', 'action': 'sell', 'volume': '2'}
2025-06-23 20:21:21,489 - app.mt5_handler - INFO - Closing all buy positions for EURUSD before opening sell
2025-06-23 20:21:21,625 - app.mt5_handler - INFO - Closed position 1048339699
2025-06-23 20:21:21,757 - app.mt5_handler - INFO - Order executed successfully: SELL 2.0 EURUSD at 1.14687
2025-06-23 20:21:21,758 - app.server - INFO - Order successfully processed: {'action': 'sell', 'symbol': 'EURUSD', 'volume': 2.0, 'price': 1.14687, 'ticket': 1048342848, 'success': True}
2025-06-23 20:21:21,759 - werkzeug - INFO - 127.0.0.1 - - [23/Jun/2025 20:21:21] "POST /trade HTTP/1.1" 200 -
2025-06-23 20:21:22,220 - app.server - INFO - Received webhook: {'symbol': 'BTCUSD', 'action': 'buy', 'volume': '2'}
2025-06-23 20:21:22,417 - app.mt5_handler - INFO - Order executed successfully: BUY 2.0 BTCUSD at 101277.97
2025-06-23 20:21:22,419 - app.server - INFO - Order successfully processed: {'action': 'buy', 'symbol': 'BTCUSD', 'volume': 2.0, 'price': 101277.97, 'ticket': 1048342869, 'success': True}
2025-06-23 20:21:22,419 - werkzeug - INFO - 127.0.0.1 - - [23/Jun/2025 20:21:22] "POST /trade HTTP/1.1" 200 -
2025-06-23 20:22:03,659 - app.server - INFO - Received webhook: {'symbol': 'XAUUSD', 'action': 'sell', 'volume': '2'}
2025-06-23 20:22:03,659 - app.mt5_handler - INFO - Closing all buy positions for XAUUSD before opening sell
2025-06-23 20:22:03,789 - app.mt5_handler - INFO - Closed position 1048342245
2025-06-23 20:22:03,925 - app.mt5_handler - INFO - Order executed successfully: SELL 2.0 XAUUSD at 3367.826
2025-06-23 20:22:03,926 - app.server - INFO - Order successfully processed: {'action': 'sell', 'symbol': 'XAUUSD', 'volume': 2.0, 'price': 3367.826, 'ticket': 1048348394, 'success': True}
2025-06-23 20:22:03,926 - werkzeug - INFO - 127.0.0.1 - - [23/Jun/2025 20:22:03] "POST /trade HTTP/1.1" 200 -
2025-06-23 20:23:48,310 - app.server - INFO - Received webhook: {'symbol': 'EURUSD', 'action': 'buy', 'volume': '2'}
2025-06-23 20:23:48,310 - app.mt5_handler - INFO - Closing all sell positions for EURUSD before opening buy
2025-06-23 20:23:48,430 - app.mt5_handler - INFO - Closed position 1048342848
2025-06-23 20:23:48,588 - app.mt5_handler - INFO - Order executed successfully: BUY 2.0 EURUSD at 1.1468
2025-06-23 20:23:48,588 - app.server - INFO - Order successfully processed: {'action': 'buy', 'symbol': 'EURUSD', 'volume': 2.0, 'price': 1.1468, 'ticket': 1048358556, 'success': True}
2025-06-23 20:23:48,589 - werkzeug - INFO - 127.0.0.1 - - [23/Jun/2025 20:23:48] "POST /trade HTTP/1.1" 200 -
2025-06-23 20:24:04,771 - app.server - INFO - Received webhook: {'symbol': 'EURUSD', 'action': 'sell', 'volume': '2'}
2025-06-23 20:24:04,771 - app.mt5_handler - INFO - Closing all buy positions for EURUSD before opening sell
2025-06-23 20:24:04,772 - app.server - INFO - Received webhook: {'symbol': 'XAUUSD', 'action': 'buy', 'volume': '2'}
2025-06-23 20:24:06,633 - app.mt5_handler - INFO - Closed position 1048358556
2025-06-23 20:24:06,634 - app.mt5_handler - INFO - Closing all sell positions for XAUUSD before opening buy
2025-06-23 20:24:09,080 - app.mt5_handler - INFO - Order executed successfully: SELL 2.0 EURUSD at 1.14669
2025-06-23 20:24:09,243 - app.mt5_handler - INFO - Closed position 1048348394
2025-06-23 20:24:09,243 - app.server - INFO - Order successfully processed: {'action': 'sell', 'symbol': 'EURUSD', 'volume': 2.0, 'price': 1.14669, 'ticket': 1048359905, 'success': True}
2025-06-23 20:24:09,379 - app.mt5_handler - INFO - Order executed successfully: BUY 2.0 XAUUSD at 3367.957
2025-06-23 20:24:09,379 - werkzeug - INFO - 127.0.0.1 - - [23/Jun/2025 20:24:09] "POST /trade HTTP/1.1" 200 -
2025-06-23 20:24:09,380 - app.server - INFO - Order successfully processed: {'action': 'buy', 'symbol': 'XAUUSD', 'volume': 2.0, 'price': 3367.957, 'ticket': 1048360028, 'success': True}
2025-06-23 20:24:09,381 - werkzeug - INFO - 127.0.0.1 - - [23/Jun/2025 20:24:09] "POST /trade HTTP/1.1" 200 -
2025-06-23 20:26:03,578 - app.server - INFO - Received webhook: {'symbol': 'EURUSD', 'action': 'buy', 'volume': '2'}
2025-06-23 20:26:03,579 - app.mt5_handler - INFO - Closing all sell positions for EURUSD before opening buy
2025-06-23 20:26:03,706 - app.mt5_handler - INFO - Closed position 1048359905
2025-06-23 20:26:03,842 - app.mt5_handler - INFO - Order executed successfully: BUY 2.0 EURUSD at 1.14677
2025-06-23 20:26:03,842 - app.server - INFO - Order successfully processed: {'action': 'buy', 'symbol': 'EURUSD', 'volume': 2.0, 'price': 1.14677, 'ticket': 1048373253, 'success': True}
2025-06-23 20:26:03,843 - werkzeug - INFO - 127.0.0.1 - - [23/Jun/2025 20:26:03] "POST /trade HTTP/1.1" 200 -
2025-06-23 20:27:03,392 - app.server - INFO - Received webhook: {'symbol': 'EURUSD', 'action': 'sell', 'volume': '2'}
2025-06-23 20:27:03,392 - app.mt5_handler - INFO - Closing all buy positions for EURUSD before opening sell
2025-06-23 20:27:03,523 - app.mt5_handler - INFO - Closed position 1048373253
2025-06-23 20:27:03,650 - app.mt5_handler - INFO - Order executed successfully: SELL 2.0 EURUSD at 1.1467
2025-06-23 20:27:03,651 - app.server - INFO - Order successfully processed: {'action': 'sell', 'symbol': 'EURUSD', 'volume': 2.0, 'price': 1.1467, 'ticket': 1048379509, 'success': True}
2025-06-23 20:27:03,651 - werkzeug - INFO - 127.0.0.1 - - [23/Jun/2025 20:27:03] "POST /trade HTTP/1.1" 200 -
2025-06-23 20:27:48,677 - app.server - INFO - Received webhook: {'symbol': 'USDJPY', 'action': 'sell', 'volume': '2'}
2025-06-23 20:27:48,801 - app.mt5_handler - INFO - Order executed successfully: SELL 2.0 USDJPY at 147.427
2025-06-23 20:27:48,801 - app.server - INFO - Order successfully processed: {'action': 'sell', 'symbol': 'USDJPY', 'volume': 2.0, 'price': 147.427, 'ticket': 1048383765, 'success': True}
2025-06-23 20:27:48,802 - werkzeug - INFO - 127.0.0.1 - - [23/Jun/2025 20:27:48] "POST /trade HTTP/1.1" 200 -
2025-06-23 20:28:07,136 - app.server - INFO - Received webhook: {'symbol': 'USDJPY', 'action': 'buy', 'volume': '2'}
2025-06-23 20:28:07,136 - app.mt5_handler - INFO - Closing all sell positions for USDJPY before opening buy
2025-06-23 20:28:07,283 - app.mt5_handler - INFO - Closed position 1048383765
2025-06-23 20:28:07,419 - app.mt5_handler - INFO - Order executed successfully: BUY 2.0 USDJPY at 147.43
2025-06-23 20:28:07,420 - app.server - INFO - Order successfully processed: {'action': 'buy', 'symbol': 'USDJPY', 'volume': 2.0, 'price': 147.43, 'ticket': 1048385593, 'success': True}
2025-06-23 20:28:07,420 - werkzeug - INFO - 127.0.0.1 - - [23/Jun/2025 20:28:07] "POST /trade HTTP/1.1" 200 -
2025-06-23 20:28:27,567 - app.server - INFO - Received webhook: {'symbol': 'USOIL', 'action': 'buy', 'volume': '2'}
2025-06-23 20:28:27,778 - app.mt5_handler - INFO - Order executed successfully: BUY 2.0 USOIL at 73.648
2025-06-23 20:28:27,778 - app.server - INFO - Order successfully processed: {'action': 'buy', 'symbol': 'USOIL', 'volume': 2.0, 'price': 73.648, 'ticket': 1048387404, 'success': True}
2025-06-23 20:28:27,778 - werkzeug - INFO - 127.0.0.1 - - [23/Jun/2025 20:28:27] "POST /trade HTTP/1.1" 200 -
2025-06-23 20:28:51,233 - app.server - INFO - Received webhook: {'symbol': 'US500', 'action': 'buy', 'volume': '2'}
2025-06-23 20:28:51,437 - app.mt5_handler - INFO - Order executed successfully: BUY 2.0 US500 at 5979.59
2025-06-23 20:28:51,437 - app.server - INFO - Order successfully processed: {'action': 'buy', 'symbol': 'US500', 'volume': 2.0, 'price': 5979.59, 'ticket': 1048390009, 'success': True}
2025-06-23 20:28:51,437 - werkzeug - INFO - 127.0.0.1 - - [23/Jun/2025 20:28:51] "POST /trade HTTP/1.1" 200 -
2025-06-23 20:30:14,479 - app.server - INFO - Received webhook: {'symbol': 'US500', 'action': 'CLOSE', 'volume': '0.5'}
2025-06-23 20:30:14,479 - app.mt5_handler - INFO - Closing 0.5 lots for US500
2025-06-23 20:30:14,706 - app.mt5_handler - INFO - Closed 0.5 lots from position 1048390009
2025-06-23 20:30:14,706 - app.server - INFO - Order successfully processed: {'action': 'close', 'closed_positions': [1048390009], 'volume': 0.5}
2025-06-23 20:30:14,706 - werkzeug - INFO - 127.0.0.1 - - [23/Jun/2025 20:30:14] "POST /trade HTTP/1.1" 200 -
2025-06-23 20:30:57,144 - app.server - INFO - Received webhook: {'symbol': 'BTCUSD', 'action': 'CLOSE', 'volume': '2'}
2025-06-23 20:30:57,144 - app.mt5_handler - INFO - Closing 2.0 lots for BTCUSD
2025-06-23 20:30:57,347 - app.mt5_handler - INFO - Closed 2.0 lots from position 1048342869
2025-06-23 20:30:57,348 - app.server - INFO - Order successfully processed: {'action': 'close', 'closed_positions': [1048342869], 'volume': 2.0}
2025-06-23 20:30:57,348 - werkzeug - INFO - 127.0.0.1 - - [23/Jun/2025 20:30:57] "POST /trade HTTP/1.1" 200 -
2025-06-23 20:31:05,466 - app.server - INFO - Received webhook: {'symbol': 'BTCUSD', 'action': 'CLOSE', 'volume': '2'}
2025-06-23 20:31:05,467 - app.mt5_handler - INFO - Closing 2.0 lots for BTCUSD
2025-06-23 20:31:05,467 - app.server - INFO - Order successfully processed: {'action': 'close', 'closed_positions': [], 'volume': 2.0}
2025-06-23 20:31:05,467 - werkzeug - INFO - 127.0.0.1 - - [23/Jun/2025 20:31:05] "POST /trade HTTP/1.1" 200 -
2025-06-23 20:31:31,983 - app.server - INFO - Received webhook: {'symbol': 'USOIL', 'action': 'CLOSE', 'volume': '0.5'}
2025-06-23 20:31:31,983 - app.mt5_handler - INFO - Closing 0.5 lots for USOIL
2025-06-23 20:31:32,174 - app.mt5_handler - INFO - Closed 0.5 lots from position 1048387404
2025-06-23 20:31:32,175 - app.server - INFO - Order successfully processed: {'action': 'close', 'closed_positions': [1048387404], 'volume': 0.5}
2025-06-23 20:31:32,176 - werkzeug - INFO - 127.0.0.1 - - [23/Jun/2025 20:31:32] "POST /trade HTTP/1.1" 200 -
2025-06-23 20:33:37,187 - app.server - INFO - Received webhook: {'symbol': '{{ticker }}', 'action': 'CLOSE', 'volume': '2'}
2025-06-23 20:33:37,187 - app.mt5_handler - ERROR - Symbol {{ticker }} not found
2025-06-23 20:33:37,188 - app.server - ERROR - Error processing webhook: Order failed. MT5Handler returned a negative result.
2025-06-23 20:33:40,154 - app.server - INFO - Successfully sent error alert email.
2025-06-23 20:33:40,155 - werkzeug - INFO - 127.0.0.1 - - [23/Jun/2025 20:33:40] "[35m[1mPOST /trade HTTP/1.1[0m" 500 -
2025-06-23 20:34:21,801 - app.server - INFO - Received webhook: {'symbol': 'BTCUSD', 'action': 'CLOSE', 'volume': '2'}
2025-06-23 20:34:21,801 - app.mt5_handler - INFO - Closing 2.0 lots for BTCUSD
2025-06-23 20:34:21,802 - app.server - INFO - Order successfully processed: {'action': 'close', 'closed_positions': [], 'volume': 2.0}
2025-06-23 20:34:21,802 - werkzeug - INFO - 127.0.0.1 - - [23/Jun/2025 20:34:21] "POST /trade HTTP/1.1" 200 -
